<?xml version="1.0" encoding="UTF-8"?>
<robot generator="Robot 7.4.2 (Python 3.11.5 on win32)" generated="2026-03-24T11:15:31.705829" rpa="false" schemaversion="5">
<suite id="s1" name="Browser Demo2" source="C:\Users\Mikae\OneDrive\Tiedostot\Front-end\hyte-projekti\tests\tehtava2\browser_demo2.robot">
<test id="s1-t1" name="Login Onnistuu" line="10">
<kw name="New Browser" owner="Browser">
<msg time="2026-03-24T11:15:31.937507" level="INFO">{"browser": "chromium", "headless": false, "chromiumSandbox": false, "devtools": false, "handleSIGHUP": true, "handleSIGINT": true, "handleSIGTERM": true, "slowMo": 0.0, "timeout": 30000.0, "tracesDir": "C:\\Users\\Mikae\\OneDrive\\Tiedostot\\Front-end\\hyte-projekti\\outputs\\browser\\traces\\temp\\6ec2f913-1863-45ed-ae39-f727c0d88bea"}</msg>
<msg time="2026-03-24T11:15:31.962465" level="INFO">Starting Browser process C:\Users\Mikae\OneDrive\Tiedostot\Front-end\hyte-projekti\.venv\Lib\site-packages\Browser\wrapper\index.js using at 127.0.0.1:49723</msg>
<msg time="2026-03-24T11:15:33.825740" level="INFO">Successfully created browser with options: {"browser":"chromium","headless":false,"chromiumSandbox":false,"devtools":false,"handleSIGHUP":true,"handleSIGINT":true,"handleSIGTERM":true,"slowMo":0,"timeout":30000,"tracesDir":"C:\\Users\\Mikae\\OneDrive\\Tiedostot\\Front-end\\hyte-projekti\\outputs\\browser\\traces\\temp\\6ec2f913-1863-45ed-ae39-f727c0d88bea"}</msg>
<arg>chromium</arg>
<arg>headless=No</arg>
<tag>BrowserControl</tag>
<tag>Setter</tag>
<doc>Create a new playwright Browser with specified options.</doc>
<status status="PASS" start="2026-03-24T11:15:31.937507" elapsed="1.888233"/>
</kw>
<kw name="New Page" owner="Browser">
<msg time="2026-03-24T11:15:34.087718" level="INFO">Successfully initialized new page object and opened url: http://localhost:5173/login.html</msg>
<msg time="2026-03-24T11:15:34.087718" level="INFO">No context was open. New context was automatically opened when this page is created.</msg>
<arg>${URL}</arg>
<tag>BrowserControl</tag>
<tag>Setter</tag>
<doc>Open a new Page.</doc>
<status status="PASS" start="2026-03-24T11:15:33.826751" elapsed="0.260967"/>
</kw>
<kw name="Fill Text" owner="Browser">
<msg time="2026-03-24T11:15:34.089190" level="INFO">Fills the text 'mikael' in the given field.</msg>
<arg>id=login-username</arg>
<arg>${USER}</arg>
<tag>PageContent</tag>
<tag>Setter</tag>
<doc>Clears and fills the given ``txt`` into the text field found by ``selector``.</doc>
<status status="PASS" start="2026-03-24T11:15:34.089190" elapsed="0.041788"/>
</kw>
<kw name="Fill Text" owner="Browser">
<msg time="2026-03-24T11:15:34.131976" level="INFO">Fills the text 'salasana123' in the given field.</msg>
<arg>id=login-password</arg>
<arg>${PASS}</arg>
<tag>PageContent</tag>
<tag>Setter</tag>
<doc>Clears and fills the given ``txt`` into the text field found by ``selector``.</doc>
<status status="PASS" start="2026-03-24T11:15:34.131976" elapsed="0.020641"/>
</kw>
<kw name="Click" owner="Browser">
<msg time="2026-03-24T11:15:34.153628" level="INFO">Clicks the element 'id=login-btn'.</msg>
<arg>id=login-btn</arg>
<tag>PageContent</tag>
<tag>Setter</tag>
<doc>Simulates mouse click on the element found by ``selector``.</doc>
<status status="PASS" start="2026-03-24T11:15:34.152617" elapsed="0.144780"/>
</kw>
<kw name="Click With Options" owner="Browser">
<msg time="2026-03-24T11:15:34.298403" level="INFO">Clicks the element '"Kirjaudu"'.</msg>
<arg>"Kirjaudu"</arg>
<arg>delay= 5 s</arg>
<tag>PageContent</tag>
<tag>Setter</tag>
<doc>Simulates mouse click on the element found by ``selector``.</doc>
<status status="PASS" start="2026-03-24T11:15:34.298403" elapsed="5.038876"/>
</kw>
<doc>Testaa, että käyttäjä pystyy kirjautumaan onnistuneesti</doc>
<status status="PASS" start="2026-03-24T11:15:31.936495" elapsed="7.402157"/>
</test>
<status status="PASS" start="2026-03-24T11:15:31.706830" elapsed="7.635315"/>
</suite>
<statistics>
<total>
<stat pass="1" fail="0" skip="0">All Tests</stat>
</total>
<tag>
</tag>
<suite>
<stat name="Browser Demo2" id="s1" pass="1" fail="0" skip="0">Browser Demo2</stat>
</suite>
</statistics>
<errors>
</errors>
</robot>
